# JRE version: OpenJDK Runtime Environment Microsoft-40648 (11.0.16.1+1) (build 11.0.16.1+1-LTS)
# Java VM: OpenJDK 64-Bit Server VM Microsoft-40648 (11.0.16.1+1-LTS, mixed mode, tiered, compressed oops, g1 gc, windows-amd64)
Heap:
 garbage-first heap   total 444416K, used 153088K [0x00000000c0000000, 0x0000000100000000)
  region size 1024K, 10 young (10240K), 3 survivors (3072K)
 Metaspace       used 23881K, capacity 24473K, committed 24664K, reserved 1071104K
  class space    used 2588K, capacity 2838K, committed 2944K, reserved 1048576K
GC Heap History (20 events):
Event: 5.076 GC heap before
{Heap before GC invocations=11 (full 0):
 garbage-first heap   total 103424K, used 66231K [0x00000000c0000000, 0x0000000100000000)
  region size 1024K, 21 young (21504K), 2 survivors (2048K)
 Metaspace       used 13538K, capacity 13734K, committed 13952K, reserved 1062912K
  class space    used 1298K, capacity 1390K, committed 1408K, reserved 1048576K
}
Event: 5.114 GC heap after
{Heap after GC invocations=12 (full 0):
 garbage-first heap   total 103424K, used 53248K [0x00000000c0000000, 0x0000000100000000)
  region size 1024K, 3 young (3072K), 3 survivors (3072K)
 Metaspace       used 13538K, capacity 13734K, committed 13952K, reserved 1062912K
  class space    used 1298K, capacity 1390K, committed 1408K, reserved 1048576K
}
Event: 5.417 GC heap before
{Heap before GC invocations=12 (full 0):
 garbage-first heap   total 103424K, used 71680K [0x00000000c0000000, 0x0000000100000000)
  region size 1024K, 21 young (21504K), 3 survivors (3072K)
 Metaspace       used 13552K, capacity 13736K, committed 13952K, reserved 1062912K
  class space    used 1298K, capacity 1390K, committed 1408K, reserved 1048576K
}
Event: 5.464 GC heap after
{Heap after GC invocations=13 (full 0):
 garbage-first heap   total 206848K, used 57738K [0x00000000c0000000, 0x0000000100000000)
  region size 1024K, 3 young (3072K), 3 survivors (3072K)
 Metaspace       used 13552K, capacity 13736K, committed 13952K, reserved 1062912K
  class space    used 1298K, capacity 1390K, committed 1408K, reserved 1048576K
}
Event: 6.455 GC heap before
{Heap before GC invocations=14 (full 0):
 garbage-first heap   total 206848K, used 89482K [0x00000000c0000000, 0x0000000100000000)
  region size 1024K, 34 young (34816K), 3 survivors (3072K)
 Metaspace       used 14768K, capacity 15006K, committed 15232K, reserved 1062912K
  class space    used 1481K, capacity 1576K, committed 1664K, reserved 1048576K
}
Event: 6.550 GC heap after
{Heap after GC invocations=15 (full 0):
 garbage-first heap   total 206848K, used 64290K [0x00000000c0000000, 0x0000000100000000)
  region size 1024K, 5 young (5120K), 5 survivors (5120K)
 Metaspace       used 14768K, capacity 15006K, committed 15232K, reserved 1062912K
  class space    used 1481K, capacity 1576K, committed 1664K, reserved 1048576K
}
Event: 7.129 GC heap before
{Heap before GC invocations=15 (full 0):
 garbage-first heap   total 206848K, used 112418K [0x00000000c0000000, 0x0000000100000000)
  region size 1024K, 52 young (53248K), 5 survivors (5120K)
 Metaspace       used 15026K, capacity 15305K, committed 15488K, reserved 1062912K
  class space    used 1502K, capacity 1610K, committed 1664K, reserved 1048576K
}
Event: 7.163 GC heap after
{Heap after GC invocations=16 (full 0):
 garbage-first heap   total 206848K, used 73255K [0x00000000c0000000, 0x0000000100000000)
  region size 1024K, 7 young (7168K), 7 survivors (7168K)
 Metaspace       used 15026K, capacity 15305K, committed 15488K, reserved 1062912K
  class space    used 1502K, capacity 1610K, committed 1664K, reserved 1048576K
}
Event: 7.964 GC heap before
{Heap before GC invocations=16 (full 0):
 garbage-first heap   total 206848K, used 126503K [0x00000000c0000000, 0x0000000100000000)
  region size 1024K, 59 young (60416K), 7 survivors (7168K)
 Metaspace       used 15030K, capacity 15305K, committed 15488K, reserved 1062912K
  class space    used 1502K, capacity 1610K, committed 1664K, reserved 1048576K
}
Event: 8.001 GC heap after
{Heap after GC invocations=17 (full 0):
 garbage-first heap   total 206848K, used 83819K [0x00000000c0000000, 0x0000000100000000)
  region size 1024K, 8 young (8192K), 8 survivors (8192K)
 Metaspace       used 15030K, capacity 15305K, committed 15488K, reserved 1062912K
  class space    used 1502K, capacity 1610K, committed 1664K, reserved 1048576K
}
Event: 8.345 GC heap before
{Heap before GC invocations=17 (full 0):
 garbage-first heap   total 206848K, used 136043K [0x00000000c0000000, 0x0000000100000000)
  region size 1024K, 60 young (61440K), 8 survivors (8192K)
 Metaspace       used 15031K, capacity 15305K, committed 15488K, reserved 1062912K
  class space    used 1502K, capacity 1610K, committed 1664K, reserved 1048576K
}
Event: 8.389 GC heap after
{Heap after GC invocations=18 (full 0):
 garbage-first heap   total 375808K, used 94208K [0x00000000c0000000, 0x0000000100000000)
  region size 1024K, 8 young (8192K), 8 survivors (8192K)
 Metaspace       used 15031K, capacity 15305K, committed 15488K, reserved 1062912K
  class space    used 1502K, capacity 1610K, committed 1664K, reserved 1048576K
}
Event: 10.086 GC heap before
{Heap before GC invocations=18 (full 0):
 garbage-first heap   total 375808K, used 187392K [0x00000000c0000000, 0x0000000100000000)
  region size 1024K, 99 young (101376K), 8 survivors (8192K)
 Metaspace       used 16752K, capacity 17105K, committed 17280K, reserved 1064960K
  class space    used 1705K, capacity 1851K, committed 1920K, reserved 1048576K
}
Event: 10.145 GC heap after
{Heap after GC invocations=19 (full 0):
 garbage-first heap   total 375808K, used 111056K [0x00000000c0000000, 0x0000000100000000)
  region size 1024K, 13 young (13312K), 13 survivors (13312K)
 Metaspace       used 16752K, capacity 17105K, committed 17280K, reserved 1064960K
  class space    used 1705K, capacity 1851K, committed 1920K, reserved 1048576K
}
Event: 12.946 GC heap before
{Heap before GC invocations=19 (full 0):
 garbage-first heap   total 375808K, used 225744K [0x00000000c0000000, 0x0000000100000000)
  region size 1024K, 124 young (126976K), 13 survivors (13312K)
 Metaspace       used 16754K, capacity 17105K, committed 17280K, reserved 1064960K
  class space    used 1705K, capacity 1851K, committed 1920K, reserved 1048576K
}
Event: 13.056 GC heap after
{Heap after GC invocations=20 (full 0):
 garbage-first heap   total 375808K, used 133120K [0x00000000c0000000, 0x0000000100000000)
  region size 1024K, 16 young (16384K), 16 survivors (16384K)
 Metaspace       used 16754K, capacity 17105K, committed 17280K, reserved 1064960K
  class space    used 1705K, capacity 1851K, committed 1920K, reserved 1048576K
}
Event: 17.129 GC heap before
{Heap before GC invocations=20 (full 0):
 garbage-first heap   total 375808K, used 223232K [0x00000000c0000000, 0x0000000100000000)
  region size 1024K, 105 young (107520K), 16 survivors (16384K)
 Metaspace       used 22667K, capacity 23199K, committed 23256K, reserved 1069056K
  class space    used 2544K, capacity 2793K, committed 2816K, reserved 1048576K
}
Event: 17.212 GC heap after
{Heap after GC invocations=21 (full 0):
 garbage-first heap   total 375808K, used 143872K [0x00000000c0000000, 0x0000000100000000)
  region size 1024K, 10 young (10240K), 10 survivors (10240K)
 Metaspace       used 22667K, capacity 23199K, committed 23256K, reserved 1069056K
  class space    used 2544K, capacity 2793K, committed 2816K, reserved 1048576K
}
Event: 24.448 GC heap before
{Heap before GC invocations=22 (full 0):
 garbage-first heap   total 375808K, used 254464K [0x00000000c0000000, 0x0000000100000000)
  region size 1024K, 119 young (121856K), 10 survivors (10240K)
 Metaspace       used 23858K, capacity 24406K, committed 24664K, reserved 1071104K
  class space    used 2588K, capacity 2837K, committed 2944K, reserved 1048576K
}
Event: 24.521 GC heap after
{Heap after GC invocations=23 (full 0):
 garbage-first heap   total 444416K, used 146944K [0x00000000c0000000, 0x0000000100000000)
  region size 1024K, 3 young (3072K), 3 survivors (3072K)
 Metaspace       used 23858K, capacity 24406K, committed 24664K, reserved 1071104K
  class space    used 2588K, capacity 2837K, committed 2944K, reserved 1048576K
}

