# JRE version: OpenJDK Runtime Environment Microsoft-40648 (11.0.16.1+1) (build 11.0.16.1+1-LTS)
# Java VM: OpenJDK 64-Bit Server VM Microsoft-40648 (11.0.16.1+1-LTS, mixed mode, tiered, compressed oops, g1 gc, windows-amd64)
Heap:
 garbage-first heap   total 570368K, used 125440K [0x00000000c0000000, 0x0000000100000000)
  region size 1024K, 16 young (16384K), 16 survivors (16384K)
 Metaspace       used 16768K, capacity 17109K, committed 17280K, reserved 1064960K
  class space    used 1706K, capacity 1852K, committed 1920K, reserved 1048576K
GC Heap History (20 events):
Event: 8.970 GC heap after
{Heap after GC invocations=15 (full 0):
 garbage-first heap   total 79872K, used 48720K [0x00000000c0000000, 0x0000000100000000)
  region size 1024K, 2 young (2048K), 2 survivors (2048K)
 Metaspace       used 13464K, capacity 13650K, committed 13696K, reserved 1060864K
  class space    used 1292K, capacity 1380K, committed 1408K, reserved 1048576K
}
Event: 9.040 GC heap before
{Heap before GC invocations=15 (full 0):
 garbage-first heap   total 79872K, used 61008K [0x00000000c0000000, 0x0000000100000000)
  region size 1024K, 14 young (14336K), 2 survivors (2048K)
 Metaspace       used 13466K, capacity 13650K, committed 13696K, reserved 1060864K
  class space    used 1292K, capacity 1380K, committed 1408K, reserved 1048576K
}
Event: 9.071 GC heap after
{Heap after GC invocations=16 (full 0):
 garbage-first heap   total 79872K, used 51849K [0x00000000c0000000, 0x0000000100000000)
  region size 1024K, 2 young (2048K), 2 survivors (2048K)
 Metaspace       used 13466K, capacity 13650K, committed 13696K, reserved 1060864K
  class space    used 1292K, capacity 1380K, committed 1408K, reserved 1048576K
}
Event: 9.335 GC heap before
{Heap before GC invocations=17 (full 0):
 garbage-first heap   total 79872K, used 63113K [0x00000000c0000000, 0x0000000100000000)
  region size 1024K, 13 young (13312K), 2 survivors (2048K)
 Metaspace       used 13459K, capacity 13637K, committed 13696K, reserved 1060864K
  class space    used 1290K, capacity 1375K, committed 1408K, reserved 1048576K
}
Event: 9.376 GC heap after
{Heap after GC invocations=18 (full 0):
 garbage-first heap   total 129024K, used 54835K [0x00000000c0000000, 0x0000000100000000)
  region size 1024K, 2 young (2048K), 2 survivors (2048K)
 Metaspace       used 13459K, capacity 13637K, committed 13696K, reserved 1060864K
  class space    used 1290K, capacity 1375K, committed 1408K, reserved 1048576K
}
Event: 9.436 GC heap before
{Heap before GC invocations=18 (full 0):
 garbage-first heap   total 129024K, used 58931K [0x00000000c0000000, 0x0000000100000000)
  region size 1024K, 6 young (6144K), 2 survivors (2048K)
 Metaspace       used 13459K, capacity 13637K, committed 13696K, reserved 1060864K
  class space    used 1290K, capacity 1375K, committed 1408K, reserved 1048576K
}
Event: 9.688 GC heap after
{Heap after GC invocations=19 (full 0):
 garbage-first heap   total 129024K, used 56139K [0x00000000c0000000, 0x0000000100000000)
  region size 1024K, 1 young (1024K), 1 survivors (1024K)
 Metaspace       used 13459K, capacity 13637K, committed 13696K, reserved 1060864K
  class space    used 1290K, capacity 1375K, committed 1408K, reserved 1048576K
}
Event: 10.090 GC heap before
{Heap before GC invocations=19 (full 0):
 garbage-first heap   total 129024K, used 79691K [0x00000000c0000000, 0x0000000100000000)
  region size 1024K, 24 young (24576K), 1 survivors (1024K)
 Metaspace       used 13479K, capacity 13640K, committed 13696K, reserved 1060864K
  class space    used 1291K, capacity 1375K, committed 1408K, reserved 1048576K
}
Event: 10.125 GC heap after
{Heap after GC invocations=20 (full 0):
 garbage-first heap   total 129024K, used 61276K [0x00000000c0000000, 0x0000000100000000)
  region size 1024K, 3 young (3072K), 3 survivors (3072K)
 Metaspace       used 13479K, capacity 13640K, committed 13696K, reserved 1060864K
  class space    used 1291K, capacity 1375K, committed 1408K, reserved 1048576K
}
Event: 11.098 GC heap before
{Heap before GC invocations=20 (full 0):
 garbage-first heap   total 129024K, used 84828K [0x00000000c0000000, 0x0000000100000000)
  region size 1024K, 26 young (26624K), 3 survivors (3072K)
 Metaspace       used 14901K, capacity 15147K, committed 15232K, reserved 1062912K
  class space    used 1496K, capacity 1580K, committed 1664K, reserved 1048576K
}
Event: 11.135 GC heap after
{Heap after GC invocations=21 (full 0):
 garbage-first heap   total 129024K, used 65722K [0x00000000c0000000, 0x0000000100000000)
  region size 1024K, 4 young (4096K), 4 survivors (4096K)
 Metaspace       used 14901K, capacity 15147K, committed 15232K, reserved 1062912K
  class space    used 1496K, capacity 1580K, committed 1664K, reserved 1048576K
}
Event: 11.754 GC heap before
{Heap before GC invocations=22 (full 0):
 garbage-first heap   total 129024K, used 89274K [0x00000000c0000000, 0x0000000100000000)
  region size 1024K, 27 young (27648K), 4 survivors (4096K)
 Metaspace       used 15038K, capacity 15311K, committed 15488K, reserved 1062912K
  class space    used 1503K, capacity 1612K, committed 1664K, reserved 1048576K
}
Event: 11.797 GC heap after
{Heap after GC invocations=23 (full 0):
 garbage-first heap   total 366592K, used 70200K [0x00000000c0000000, 0x0000000100000000)
  region size 1024K, 4 young (4096K), 4 survivors (4096K)
 Metaspace       used 15038K, capacity 15311K, committed 15488K, reserved 1062912K
  class space    used 1503K, capacity 1612K, committed 1664K, reserved 1048576K
}
Event: 12.042 GC heap before
{Heap before GC invocations=23 (full 0):
 garbage-first heap   total 366592K, used 83512K [0x00000000c0000000, 0x0000000100000000)
  region size 1024K, 17 young (17408K), 4 survivors (4096K)
 Metaspace       used 15044K, capacity 15311K, committed 15488K, reserved 1062912K
  class space    used 1503K, capacity 1612K, committed 1664K, reserved 1048576K
}
Event: 12.326 GC heap after
{Heap after GC invocations=24 (full 0):
 garbage-first heap   total 366592K, used 73040K [0x00000000c0000000, 0x0000000100000000)
  region size 1024K, 3 young (3072K), 3 survivors (3072K)
 Metaspace       used 15044K, capacity 15311K, committed 15488K, reserved 1062912K
  class space    used 1503K, capacity 1612K, committed 1664K, reserved 1048576K
}
Event: 13.201 GC heap before
{Heap before GC invocations=24 (full 0):
 garbage-first heap   total 366592K, used 139600K [0x00000000c0000000, 0x0000000100000000)
  region size 1024K, 68 young (69632K), 3 survivors (3072K)
 Metaspace       used 15052K, capacity 15312K, committed 15488K, reserved 1062912K
  class space    used 1503K, capacity 1612K, committed 1664K, reserved 1048576K
}
Event: 13.236 GC heap after
{Heap after GC invocations=25 (full 0):
 garbage-first heap   total 366592K, used 85586K [0x00000000c0000000, 0x0000000100000000)
  region size 1024K, 9 young (9216K), 9 survivors (9216K)
 Metaspace       used 15052K, capacity 15312K, committed 15488K, reserved 1062912K
  class space    used 1503K, capacity 1612K, committed 1664K, reserved 1048576K
}
Event: 18.084 GC heap before
{Heap before GC invocations=25 (full 0):
 garbage-first heap   total 366592K, used 186962K [0x00000000c0000000, 0x0000000100000000)
  region size 1024K, 108 young (110592K), 9 survivors (9216K)
 Metaspace       used 16766K, capacity 17109K, committed 17280K, reserved 1064960K
  class space    used 1706K, capacity 1852K, committed 1920K, reserved 1048576K
}
Event: 18.195 GC heap after
{Heap after GC invocations=26 (full 0):
 garbage-first heap   total 366592K, used 103939K [0x00000000c0000000, 0x0000000100000000)
  region size 1024K, 14 young (14336K), 14 survivors (14336K)
 Metaspace       used 16766K, capacity 17109K, committed 17280K, reserved 1064960K
  class space    used 1706K, capacity 1852K, committed 1920K, reserved 1048576K
}
Event: 20.198 GC heap before
{Heap before GC invocations=26 (full 0):
 garbage-first heap   total 366592K, used 217603K [0x00000000c0000000, 0x0000000100000000)
  region size 1024K, 124 young (126976K), 14 survivors (14336K)
 Metaspace       used 16768K, capacity 17109K, committed 17280K, reserved 1064960K
  class space    used 1706K, capacity 1852K, committed 1920K, reserved 1048576K
}

